File F:\python-projects\online-shop\eCommerce\eCommerce\settings.py previous mtime: 1644414015.8018699, current mtime: 1644414299.1914184
F:\python-projects\online-shop\eCommerce\eCommerce\settings.py notified as changed. Signal results: [(<function template_changed at 0x000001956860BAF0>, None), (<function translation_file_changed at 0x0000019568E830D0>, None)].
F:\python-projects\online-shop\eCommerce\eCommerce\settings.py changed, reloading.
Watching for file changes with StatReloader
Waiting for apps ready_event.
Apps ready_event triggered. Sending autoreload_started signal.
Watching dir F:\python-projects\online-shop\ecommerce\templates with glob **/*.
Watching dir F:\python-projects\online-shop\ecommerce\locale with glob **/*.mo.
Watching dir F:\python-projects\online-shop\ecommerce\products\locale with glob **/*.mo.
Watching dir F:\python-projects\online-shop\ecommerce\authentication\locale with glob **/*.mo.
Watching dir F:\python-projects\online-shop\ecommerce\cart\locale with glob **/*.mo.
(0.000) 
            SELECT name, type FROM sqlite_master
            WHERE type in ('table', 'view') AND NOT name='sqlite_sequence'
            ORDER BY name; args=None; alias=default
(0.000) SELECT "django_migrations"."id", "django_migrations"."app", "django_migrations"."name", "django_migrations"."applied" FROM "django_migrations"; args=(); alias=default
File F:\python-projects\online-shop\Lib\site-packages\django\db\backends\base\operations.py first seen with mtime 1643008078.8181796
File C:\Users\Josh\AppData\Local\Programs\Python\Python39\Lib\shutil.py first seen with mtime 1601902002.0
File F:\python-projects\online-shop\Lib\site-packages\django\core\files\utils.py first seen with mtime 1643008078.7433903
File F:\python-projects\online-shop\Lib\site-packages\django\template\loader.py first seen with mtime 1643008079.1960063
File F:\python-projects\online-shop\Lib\site-packages\django\db\migrations\operations\base.py first seen with mtime 1643008078.8817697
File F:\python-projects\online-shop\Lib\site-packages\django\db\models\indexes.py first seen with mtime 1643008078.8950603
File F:\python-projects\online-shop\Lib\site-packages\django\utils\crypto.py first seen with mtime 1643008079.2688148
File F:\python-projects\online-shop\Lib\site-packages\django\utils\http.py first seen with mtime 1643008079.2897568
File F:\python-projects\online-shop\Lib\site-packages\django\contrib\sites\shortcuts.py first seen with mtime 1643008078.394755
File F:\python-projects\online-shop\Lib\site-packages\django\utils\dateformat.py first seen with mtime 1643008079.271807
File C:\Users\Josh\AppData\Local\Programs\Python\Python39\Lib\calendar.py first seen with mtime 1601902002.0
File F:\python-projects\online-shop\Lib\site-packages\django\forms\utils.py first seen with mtime 1643008078.9871
File F:\python-projects\online-shop\Lib\site-packages\django\db\models\fields\__init__.py first seen with mtime 1643008078.9060311
File C:\Users\Josh\AppData\Local\Programs\Python\Python39\Lib\string.py first seen with mtime 1601902002.0
File F:\python-projects\online-shop\Lib\site-packages\asgiref\local.py first seen with mtime 1643008070.8393478
File C:\Users\Josh\AppData\Local\Programs\Python\Python39\Lib\asyncio\selector_events.py first seen with mtime 1601902002.0
File F:\python-projects\online-shop\eCommerce\cart\cart.py first seen with mtime 1644326039.9242623
File F:\python-projects\online-shop\Lib\site-packages\django\contrib\contenttypes\checks.py first seen with mtime 1643008075.2833292
File F:\python-projects\online-shop\Lib\site-packages\django\contrib\contenttypes\views.py first seen with mtime 1643008075.2893162
File F:\python-projects\online-shop\Lib\site-packages\django\core\mail\utils.py first seen with mtime 1643008078.7513683
File F:\python-projects\online-shop\Lib\site-packages\django\db\models\fields\related_lookups.py first seen with mtime 1643008078.9510722
File F:\python-projects\online-shop\Lib\site-packages\django\utils\functional.py first seen with mtime 1643008079.2857692
File C:\Users\Josh\AppData\Local\Programs\Python\Python39\Lib\concurrent\futures\thread.py first seen with mtime 1601902002.0
File C:\Users\Josh\AppData\Local\Programs\Python\Python39\Lib\email\_header_value_parser.py first seen with mtime 1601902002.0
File C:\Users\Josh\AppData\Local\Programs\Python\Python39\Lib\io.py first seen with mtime 1601902002.0
File F:\python-projects\online-shop\Lib\site-packages\django\urls\base.py first seen with mtime 1643008079.2478678
File C:\Users\Josh\AppData\Local\Programs\Python\Python39\Lib\email\_policybase.py first seen with mtime 1601902002.0
File C:\Users\Josh\AppData\Local\Programs\Python\Python39\Lib\urllib\request.py first seen with mtime 1601902002.0
File F:\python-projects\online-shop\Lib\site-packages\django\utils\connection.py first seen with mtime 1643008079.267818
File C:\Users\Josh\AppData\Local\Programs\Python\Python39\Lib\subprocess.py first seen with mtime 1601902002.0
File F:\python-projects\online-shop\Lib\site-packages\django\core\files\__init__.py first seen with mtime 1643008078.7334154
File C:\Users\Josh\AppData\Local\Programs\Python\Python39\Lib\asyncio\sslproto.py first seen with mtime 1601902002.0
File F:\python-projects\online-shop\Lib\site-packages\django\db\models\sql\subqueries.py first seen with mtime 1643008078.9701438
File F:\python-projects\online-shop\Lib\site-packages\django\template\backends\django.py first seen with mtime 1643008079.20598
File C:\Users\Josh\AppData\Local\Programs\Python\Python39\Lib\bisect.py first seen with mtime 1601902002.0
File F:\python-projects\online-shop\Lib\site-packages\django\core\__init__.py first seen with mtime 1643008078.6979425
File F:\python-projects\online-shop\Lib\site-packages\django\core\checks\translation.py first seen with mtime 1643008078.7264347
File F:\python-projects\online-shop\Lib\site-packages\django\views\__init__.py first seen with mtime 1643008079.3216715
File C:\Users\Josh\AppData\Local\Programs\Python\Python39\Lib\nturl2path.py first seen with mtime 1601902002.0
File F:\python-projects\online-shop\eCommerce\products\apps.py first seen with mtime 1643009020.9017076
File C:\Users\Josh\AppData\Local\Programs\Python\Python39\Lib\uu.py first seen with mtime 1601902002.0
File F:\python-projects\online-shop\Lib\site-packages\django\db\models\sql\where.py first seen with mtime 1643008078.9711413
File C:\Users\Josh\AppData\Local\Programs\Python\Python39\Lib\asyncio\threads.py first seen with mtime 1601902002.0
File F:\python-projects\online-shop\eCommerce\authentication\apps.py first seen with mtime 1643012938.9363554
File F:\python-projects\online-shop\Lib\site-packages\django\forms\__init__.py first seen with mtime 1643008078.9781215
File F:\python-projects\online-shop\Lib\site-packages\django\db\models\fields\json.py first seen with mtime 1643008078.9080262
File F:\python-projects\online-shop\Lib\site-packages\django\contrib\sessions\apps.py first seen with mtime 1643008078.0423827
File F:\python-projects\online-shop\Lib\site-packages\django\db\models\fields\related_descriptors.py first seen with mtime 1643008078.949075
File F:\python-projects\online-shop\Lib\site-packages\django\views\generic\base.py first seen with mtime 1643008079.342616
File F:\python-projects\online-shop\Lib\site-packages\django\db\models\base.py first seen with mtime 1643008078.8887508
File F:\python-projects\online-shop\Lib\site-packages\django\core\management\__init__.py first seen with mtime 1643008078.7603428
File F:\python-projects\online-shop\Lib\site-packages\django\middleware\cache.py first seen with mtime 1643008079.1620963
File F:\python-projects\online-shop\Lib\site-packages\django\http\cookie.py first seen with mtime 1643008079.148137
File C:\Users\Josh\AppData\Local\Programs\Python\Python39\Lib\email\headerregistry.py first seen with mtime 1601902002.0
File C:\Users\Josh\AppData\Local\Programs\Python\Python39\Lib\_collections_abc.py first seen with mtime 1601902002.0
File F:\python-projects\online-shop\Lib\site-packages\django\utils\decorators.py first seen with mtime 1643008079.278786
File F:\python-projects\online-shop\Lib\site-packages\django\utils\log.py first seen with mtime 1643008079.2967389
File C:\Users\Josh\AppData\Local\Programs\Python\Python39\Lib\email\errors.py first seen with mtime 1601902002.0
File C:\Users\Josh\AppData\Local\Programs\Python\Python39\Lib\asyncio\log.py first seen with mtime 1601902002.0
File C:\Users\Josh\AppData\Local\Programs\Python\Python39\Lib\numbers.py first seen with mtime 1601902002.0
File C:\Users\Josh\AppData\Local\Programs\Python\Python39\Lib\linecache.py first seen with mtime 1601902002.0
File F:\python-projects\online-shop\Lib\site-packages\django\db\models\sql\query.py first seen with mtime 1643008078.9691744
File C:\Users\Josh\AppData\Local\Programs\Python\Python39\Lib\asyncio\constants.py first seen with mtime 1601902002.0
File F:\python-projects\online-shop\Lib\site-packages\django\views\decorators\common.py first seen with mtime 1643008079.3346398
File F:\python-projects\online-shop\Lib\site-packages\django\contrib\auth\hashers.py first seen with mtime 1643008074.9292762
File F:\python-projects\online-shop\Lib\site-packages\django\core\checks\security\__init__.py first seen with mtime 1643008078.7294264
File F:\python-projects\online-shop\Lib\site-packages\sqlparse\cli.py first seen with mtime 1643008071.1075397
File F:\python-projects\online-shop\Lib\site-packages\django\utils\__init__.py first seen with mtime 1643008079.2578418
File F:\python-projects\online-shop\Lib\site-packages\dotenv\main.py first seen with mtime 1644413682.65868
File F:\python-projects\online-shop\eCommerce\cart\__init__.py first seen with mtime 1643185510.981598
File F:\python-projects\online-shop\Lib\site-packages\django\utils\text.py first seen with mtime 1643008079.3067117
File F:\python-projects\online-shop\Lib\site-packages\django\db\models\constraints.py first seen with mtime 1643008078.8910685
File C:\Users\Josh\AppData\Local\Programs\Python\Python39\Lib\email\base64mime.py first seen with mtime 1601902002.0
File F:\python-projects\online-shop\Lib\site-packages\django\core\serializers\__init__.py first seen with mtime 1643008078.7933204
File C:\Users\Josh\AppData\Local\Programs\Python\Python39\DLLs\_queue.pyd first seen with mtime 1601902020.0
File F:\python-projects\online-shop\Lib\site-packages\django\db\backends\utils.py first seen with mtime 1643008078.8092034
File F:\python-projects\online-shop\Lib\site-packages\django\db\utils.py first seen with mtime 1643008078.8052142
File C:\Users\Josh\AppData\Local\Programs\Python\Python39\Lib\_weakrefset.py first seen with mtime 1601902002.0
File F:\python-projects\online-shop\Lib\site-packages\django\core\servers\__init__.py first seen with mtime 1643008078.800227
File C:\Users\Josh\AppData\Local\Programs\Python\Python39\Lib\http\__init__.py first seen with mtime 1601902002.0
File C:\Users\Josh\AppData\Local\Programs\Python\Python39\Lib\html\parser.py first seen with mtime 1601902002.0
File F:\python-projects\online-shop\Lib\site-packages\django\core\checks\security\sessions.py first seen with mtime 1643008078.7324185
File C:\Users\Josh\AppData\Local\Programs\Python\Python39\Lib\asyncio\trsock.py first seen with mtime 1601902002.0
File F:\python-projects\online-shop\Lib\site-packages\django\forms\widgets.py first seen with mtime 1643008078.9900908
File F:\python-projects\online-shop\eCommerce\products\urls.py first seen with mtime 1644410250.7073307
File F:\python-projects\online-shop\Lib\site-packages\django\contrib\admin\views\__init__.py first seen with mtime 1643008074.6766465
File C:\Users\Josh\AppData\Local\Programs\Python\Python39\Lib\html\__init__.py first seen with mtime 1601902002.0
File F:\python-projects\online-shop\Lib\site-packages\django\contrib\admin\templatetags\base.py first seen with mtime 1643008074.6756494
File C:\Users\Josh\AppData\Local\Programs\Python\Python39\Lib\http\cookies.py first seen with mtime 1601902002.0
File C:\Users\Josh\AppData\Local\Programs\Python\Python39\Lib\genericpath.py first seen with mtime 1601902002.0
File F:\python-projects\online-shop\Lib\site-packages\django\db\backends\sqlite3\features.py first seen with mtime 1643008078.8599956
File F:\python-projects\online-shop\Lib\site-packages\django\core\handlers\exception.py first seen with mtime 1643008078.7473874
File C:\Users\Josh\AppData\Local\Programs\Python\Python39\Lib\weakref.py first seen with mtime 1601902002.0
File F:\python-projects\online-shop\Lib\site-packages\django\db\backends\__init__.py first seen with mtime 1643008078.8062115
File F:\python-projects\online-shop\Lib\site-packages\django\core\serializers\json.py first seen with mtime 1643008078.7953148
File F:\python-projects\online-shop\Lib\site-packages\django\db\__init__.py first seen with mtime 1643008078.802222
File C:\Users\Josh\AppData\Local\Programs\Python\Python39\Lib\socketserver.py first seen with mtime 1601902002.0
File F:\python-projects\online-shop\Lib\site-packages\django\db\migrations\operations\special.py first seen with mtime 1643008078.884762
File F:\python-projects\online-shop\Lib\site-packages\django\conf\urls\static.py first seen with mtime 1643008073.7187457
File C:\Users\Josh\AppData\Local\Programs\Python\Python39\Lib\argparse.py first seen with mtime 1601902002.0
File F:\python-projects\online-shop\Lib\site-packages\django\db\migrations\migration.py first seen with mtime 1643008078.871797
File F:\python-projects\online-shop\Lib\site-packages\sqlparse\filters\output.py first seen with mtime 1643008071.138837
File C:\Users\Josh\AppData\Local\Programs\Python\Python39\Lib\asyncio\runners.py first seen with mtime 1601902002.0
File F:\python-projects\online-shop\Lib\site-packages\django\contrib\admin\helpers.py first seen with mtime 1643008073.729322
File F:\python-projects\online-shop\Lib\site-packages\django\db\backends\base\features.py first seen with mtime 1643008078.8151877
File F:\python-projects\online-shop\Lib\site-packages\django\template\defaultfilters.py first seen with mtime 1643008079.1840377
File F:\python-projects\online-shop\Lib\site-packages\django\views\generic\detail.py first seen with mtime 1643008079.3456101
File C:\Users\Josh\AppData\Local\Programs\Python\Python39\Lib\locale.py first seen with mtime 1601902002.0
File F:\python-projects\online-shop\Lib\site-packages\sqlparse\filters\aligned_indent.py first seen with mtime 1643008071.1358485
File F:\python-projects\online-shop\Lib\site-packages\django\views\decorators\csrf.py first seen with mtime 1643008079.3356335
File C:\Users\Josh\AppData\Local\Programs\Python\Python39\Lib\wsgiref\util.py first seen with mtime 1601902002.0
File F:\python-projects\online-shop\Lib\site-packages\django\templatetags\l10n.py first seen with mtime 1643008079.2289186
File C:\Users\Josh\AppData\Local\Programs\Python\Python39\Lib\importlib\__init__.py first seen with mtime 1601902002.0
File C:\Users\Josh\AppData\Local\Programs\Python\Python39\Lib\sre_compile.py first seen with mtime 1601902002.0
File F:\python-projects\online-shop\Lib\site-packages\sqlparse\filters\right_margin.py first seen with mtime 1643008071.1417408
File F:\python-projects\online-shop\Lib\site-packages\django\shortcuts.py first seen with mtime 1643008073.304358
File C:\Users\Josh\AppData\Local\Programs\Python\Python39\Lib\email\mime\message.py first seen with mtime 1601902002.0
File F:\python-projects\online-shop\Lib\site-packages\django\contrib\auth\password_validation.py first seen with mtime 1643008074.9322677
File F:\python-projects\online-shop\Lib\site-packages\django\templatetags\__init__.py first seen with mtime 1643008079.2229347
File C:\Users\Josh\AppData\Local\Programs\Python\Python39\Lib\queue.py first seen with mtime 1601902002.0
File F:\python-projects\online-shop\Lib\site-packages\django\contrib\contenttypes\management\__init__.py first seen with mtime 1643008075.5208008
File F:\python-projects\online-shop\Lib\site-packages\django\apps\__init__.py first seen with mtime 1643008073.3053548
File F:\python-projects\online-shop\Lib\site-packages\django\contrib\auth\forms.py first seen with mtime 1643008074.9282796
File F:\python-projects\online-shop\Lib\site-packages\django\db\migrations\operations\__init__.py first seen with mtime 1643008078.880772
File C:\Users\Josh\AppData\Local\Programs\Python\Python39\Lib\asyncio\windows_events.py first seen with mtime 1601902002.0
File F:\python-projects\online-shop\Lib\site-packages\django\forms\models.py first seen with mtime 1643008078.9851053
File F:\python-projects\online-shop\Lib\site-packages\django\core\handlers\asgi.py first seen with mtime 1643008078.745385
File C:\Users\Josh\AppData\Local\Programs\Python\Python39\Lib\importlib\machinery.py first seen with mtime 1601902002.0
File F:\python-projects\online-shop\Lib\site-packages\django\utils\_os.py first seen with mtime 1643008079.2588398
File C:\Users\Josh\AppData\Local\Programs\Python\Python39\Lib\unittest\result.py first seen with mtime 1601902002.0
File F:\python-projects\online-shop\Lib\site-packages\django\core\files\move.py first seen with mtime 1643008078.7374074
File C:\Users\Josh\AppData\Local\Programs\Python\Python39\Lib\asyncio\streams.py first seen with mtime 1601902002.0
File C:\Users\Josh\AppData\Local\Programs\Python\Python39\Lib\glob.py first seen with mtime 1601902002.0
File F:\python-projects\online-shop\Lib\site-packages\django\template\defaulttags.py first seen with mtime 1643008079.1860323
File C:\Users\Josh\AppData\Local\Programs\Python\Python39\Lib\unittest\util.py first seen with mtime 1601902002.0
File F:\python-projects\online-shop\eCommerce\cart\views.py first seen with mtime 1644314735.0076122
File C:\Users\Josh\AppData\Local\Programs\Python\Python39\DLLs\_socket.pyd first seen with mtime 1601902020.0
File F:\python-projects\online-shop\Lib\site-packages\django\urls\__init__.py first seen with mtime 1643008079.2468712
File C:\Users\Josh\AppData\Local\Programs\Python\Python39\Lib\zoneinfo\__init__.py first seen with mtime 1601902002.0
File C:\Users\Josh\AppData\Local\Programs\Python\Python39\Lib\_markupbase.py first seen with mtime 1601902002.0
File F:\python-projects\online-shop\Lib\site-packages\django\contrib\auth\signals.py first seen with mtime 1643008074.9332652
File F:\python-projects\online-shop\eCommerce\authentication\admin.py first seen with mtime 1643012920.5052757
File C:\Users\Josh\AppData\Local\Programs\Python\Python39\Lib\_compression.py first seen with mtime 1601902002.0
File C:\Users\Josh\AppData\Local\Programs\Python\Python39\DLLs\_uuid.pyd first seen with mtime 1601902020.0
File F:\python-projects\online-shop\Lib\site-packages\django\utils\tree.py first seen with mtime 1643008079.3116975
File F:\python-projects\online-shop\Lib\site-packages\django\utils\module_loading.py first seen with mtime 1643008079.2997298
File F:\python-projects\online-shop\Lib\site-packages\django\conf\locale\__init__.py first seen with mtime 1643008073.3163285
File F:\python-projects\online-shop\Lib\site-packages\django\db\models\options.py first seen with mtime 1643008078.8990529
File F:\python-projects\online-shop\Lib\site-packages\sqlparse\filters\others.py first seen with mtime 1643008071.1378431
File C:\Users\Josh\AppData\Local\Programs\Python\Python39\Lib\asyncio\queues.py first seen with mtime 1601902002.0
File F:\python-projects\online-shop\Lib\site-packages\django\contrib\staticfiles\handlers.py first seen with mtime 1643008078.68398
File F:\python-projects\online-shop\Lib\site-packages\django\db\models\constants.py first seen with mtime 1643008078.8897476
File F:\python-projects\online-shop\Lib\site-packages\django\db\backends\sqlite3\__init__.py first seen with mtime 1643008078.856007
File F:\python-projects\online-shop\Lib\site-packages\django\views\generic\__init__.py first seen with mtime 1643008079.341619
File F:\python-projects\online-shop\Lib\site-packages\django\db\models\__init__.py first seen with mtime 1643008078.8857596
File C:\Users\Josh\AppData\Local\Programs\Python\Python39\Lib\asyncio\base_events.py first seen with mtime 1601902002.0
File F:\python-projects\online-shop\Lib\site-packages\django\urls\converters.py first seen with mtime 1643008079.25086
File F:\python-projects\online-shop\Lib\site-packages\django\contrib\auth\admin.py first seen with mtime 1643008074.9192572
File C:\Users\Josh\AppData\Local\Programs\Python\Python39\Lib\unittest\suite.py first seen with mtime 1601902002.0
File F:\python-projects\online-shop\Lib\site-packages\django\utils\numberformat.py first seen with mtime 1643008079.3007283
File C:\Users\Josh\AppData\Local\Programs\Python\Python39\Lib\asyncio\tasks.py first seen with mtime 1601902002.0
File F:\python-projects\online-shop\Lib\site-packages\django\db\backends\base\__init__.py first seen with mtime 1643008078.8102014
File F:\python-projects\online-shop\Lib\site-packages\django\urls\resolvers.py first seen with mtime 1643008079.2538524
File F:\python-projects\online-shop\Lib\site-packages\django\contrib\contenttypes\fields.py first seen with mtime 1643008075.285326
File F:\python-projects\online-shop\Lib\site-packages\dotenv\__init__.py first seen with mtime 1644413682.6394794
File F:\python-projects\online-shop\Lib\site-packages\django\core\checks\async_checks.py first seen with mtime 1643008078.7174644
File F:\python-projects\online-shop\Lib\site-packages\django\conf\global_settings.py first seen with mtime 1643008073.309345
File F:\python-projects\online-shop\Lib\site-packages\django\db\models\enums.py first seen with mtime 1643008078.893067
File F:\python-projects\online-shop\Lib\site-packages\django\contrib\admin\exceptions.py first seen with mtime 1643008073.7263267
File C:\Users\Josh\AppData\Local\Programs\Python\Python39\Lib\_compat_pickle.py first seen with mtime 1601902002.0
File C:\Users\Josh\AppData\Local\Programs\Python\Python39\Lib\ipaddress.py first seen with mtime 1601902002.0
File F:\python-projects\online-shop\Lib\site-packages\django\utils\version.py first seen with mtime 1643008079.3126981
File F:\python-projects\online-shop\Lib\site-packages\django\utils\formats.py first seen with mtime 1643008079.2847736
File C:\Users\Josh\AppData\Local\Programs\Python\Python39\Lib\wsgiref\handlers.py first seen with mtime 1601902002.0
File F:\python-projects\online-shop\Lib\site-packages\django\http\multipartparser.py first seen with mtime 1643008079.1491315
File F:\python-projects\online-shop\Lib\site-packages\django\db\backends\sqlite3\operations.py first seen with mtime 1643008078.8619459
File C:\Users\Josh\AppData\Local\Programs\Python\Python39\Lib\unittest\main.py first seen with mtime 1601902002.0
File F:\python-projects\online-shop\Lib\site-packages\django\core\cache\backends\locmem.py first seen with mtime 1643008078.7144628
File C:\Users\Josh\AppData\Local\Programs\Python\Python39\Lib\hmac.py first seen with mtime 1601902002.0
File C:\Users\Josh\AppData\Local\Programs\Python\Python39\Lib\decimal.py first seen with mtime 1601902002.0
File F:\python-projects\online-shop\Lib\site-packages\django\db\backends\sqlite3\schema.py first seen with mtime 1643008078.8629434
File F:\python-projects\online-shop\Lib\site-packages\django\contrib\auth\__init__.py first seen with mtime 1643008074.9182591
File F:\python-projects\online-shop\Lib\site-packages\django\template\library.py first seen with mtime 1643008079.1930144
File F:\python-projects\online-shop\Lib\site-packages\django\utils\datastructures.py first seen with mtime 1643008079.270808
File C:\Users\Josh\AppData\Local\Programs\Python\Python39\DLLs\_zoneinfo.pyd first seen with mtime 1601902020.0
File C:\Users\Josh\AppData\Local\Programs\Python\Python39\Lib\operator.py first seen with mtime 1601902002.0
File C:\Users\Josh\AppData\Local\Programs\Python\Python39\Lib\uuid.py first seen with mtime 1601902002.0
File C:\Users\Josh\AppData\Local\Programs\Python\Python39\Lib\email\message.py first seen with mtime 1601902002.0
File F:\python-projects\online-shop\Lib\site-packages\django\core\cache\__init__.py first seen with mtime 1643008078.7079172
File C:\Users\Josh\AppData\Local\Programs\Python\Python39\Lib\dis.py first seen with mtime 1601902002.0
File F:\python-projects\online-shop\Lib\site-packages\sqlparse\keywords.py first seen with mtime 1643008071.1198978
File C:\Users\Josh\AppData\Local\Programs\Python\Python39\DLLs\select.pyd first seen with mtime 1601902020.0
File C:\Users\Josh\AppData\Local\Programs\Python\Python39\Lib\asyncio\windows_utils.py first seen with mtime 1601902002.0
File C:\Users\Josh\AppData\Local\Programs\Python\Python39\Lib\concurrent\__init__.py first seen with mtime 1601902002.0
File F:\python-projects\online-shop\Lib\site-packages\django\db\backends\base\schema.py first seen with mtime 1643008078.8191767
File F:\python-projects\online-shop\Lib\site-packages\django\utils\ipv6.py first seen with mtime 1643008079.2927485
File F:\python-projects\online-shop\Lib\site-packages\django\core\checks\files.py first seen with mtime 1643008078.721447
File C:\Users\Josh\AppData\Local\Programs\Python\Python39\Lib\warnings.py first seen with mtime 1601902002.0
File C:\Users\Josh\AppData\Local\Programs\Python\Python39\Lib\bz2.py first seen with mtime 1601902002.0
File F:\python-projects\online-shop\Lib\site-packages\django\contrib\admin\templatetags\__init__.py first seen with mtime 1643008074.671671
File C:\Users\Josh\AppData\Local\Programs\Python\Python39\Lib\copy.py first seen with mtime 1601902002.0
File C:\Users\Josh\AppData\Local\Programs\Python\Python39\Lib\gzip.py first seen with mtime 1601902002.0
File C:\Users\Josh\AppData\Local\Programs\Python\Python39\Lib\traceback.py first seen with mtime 1601902002.0
File C:\Users\Josh\AppData\Local\Programs\Python\Python39\Lib\encodings\aliases.py first seen with mtime 1601902002.0
File F:\python-projects\online-shop\Lib\site-packages\django\contrib\staticfiles\utils.py first seen with mtime 1643008078.6879702
File F:\python-projects\online-shop\Lib\site-packages\django\utils\asyncio.py first seen with mtime 1643008079.2618318
File F:\python-projects\online-shop\Lib\site-packages\django\db\migrations\operations\models.py first seen with mtime 1643008078.8837652
File C:\Users\Josh\AppData\Local\Programs\Python\Python39\Lib\mimetypes.py first seen with mtime 1601902002.0
File F:\python-projects\online-shop\Lib\site-packages\django\utils\html.py first seen with mtime 1643008079.2877617
File C:\Users\Josh\AppData\Local\Programs\Python\Python39\Lib\tabnanny.py first seen with mtime 1601902002.0
File F:\python-projects\online-shop\Lib\site-packages\django\utils\itercompat.py first seen with mtime 1643008079.293747
File C:\Users\Josh\AppData\Local\Programs\Python\Python39\Lib\random.py first seen with mtime 1601902002.0
File F:\python-projects\online-shop\Lib\site-packages\django\utils\encoding.py first seen with mtime 1643008079.2817805
File C:\Users\Josh\AppData\Local\Programs\Python\Python39\Lib\stat.py first seen with mtime 1601902002.0
File C:\Users\Josh\AppData\Local\Programs\Python\Python39\Lib\difflib.py first seen with mtime 1601902002.0
File F:\python-projects\online-shop\Lib\site-packages\django\contrib\staticfiles\management\commands\__init__.py first seen with mtime 1643008078.6909618
File F:\python-projects\online-shop\Lib\site-packages\django\db\backends\ddl_references.py first seen with mtime 1643008078.8072104
File C:\Users\Josh\AppData\Local\Programs\Python\Python39\Lib\lzma.py first seen with mtime 1601902002.0
File C:\Users\Josh\AppData\Local\Programs\Python\Python39\Lib\asyncio\events.py first seen with mtime 1601902002.0
File C:\Users\Josh\AppData\Local\Programs\Python\Python39\Lib\tempfile.py first seen with mtime 1601902002.0
File F:\python-projects\online-shop\Lib\site-packages\django\core\checks\caches.py first seen with mtime 1643008078.7184565
File F:\python-projects\online-shop\Lib\site-packages\django\contrib\messages\storage\__init__.py first seen with mtime 1643008076.4894724
File C:\Users\Josh\AppData\Local\Programs\Python\Python39\Lib\token.py first seen with mtime 1601902002.0
File F:\python-projects\online-shop\Lib\site-packages\django\core\checks\database.py first seen with mtime 1643008078.7194536
File C:\Users\Josh\AppData\Local\Programs\Python\Python39\Lib\email\feedparser.py first seen with mtime 1601902002.0
File C:\Users\Josh\AppData\Local\Programs\Python\Python39\Lib\fractions.py first seen with mtime 1601902002.0
File F:\python-projects\online-shop\Lib\site-packages\django\template\backends\__init__.py first seen with mtime 1643008079.2029874
File F:\python-projects\online-shop\Lib\site-packages\django\contrib\auth\backends.py first seen with mtime 1643008074.9212523
File F:\python-projects\online-shop\Lib\site-packages\django\utils\translation\trans_real.py first seen with mtime 1643008079.3196769
File C:\Users\Josh\AppData\Local\Programs\Python\Python39\Lib\site.py first seen with mtime 1601902002.0
File F:\python-projects\online-shop\Lib\site-packages\django\core\mail\__init__.py first seen with mtime 1643008078.748377
File F:\python-projects\online-shop\Lib\site-packages\sqlparse\engine\grouping.py first seen with mtime 1643008071.1318555
File F:\python-projects\online-shop\Lib\site-packages\django\template\engine.py first seen with mtime 1643008079.1870303
File F:\python-projects\online-shop\Lib\site-packages\django\contrib\contenttypes\apps.py first seen with mtime 1643008075.281335
File F:\python-projects\online-shop\Lib\site-packages\django\core\cache\backends\filebased.py first seen with mtime 1643008078.7129023
File F:\python-projects\online-shop\Lib\site-packages\django\core\wsgi.py first seen with mtime 1643008078.7069206
File F:\python-projects\online-shop\Lib\site-packages\django\views\decorators\cache.py first seen with mtime 1643008079.3326437
File F:\python-projects\online-shop\Lib\site-packages\django\contrib\admin\utils.py first seen with mtime 1643008073.7343087
File F:\python-projects\online-shop\Lib\site-packages\django\db\models\fields\related.py first seen with mtime 1643008078.9120164
File F:\python-projects\online-shop\Lib\site-packages\django\db\models\fields\files.py first seen with mtime 1643008078.907029
File F:\python-projects\online-shop\Lib\site-packages\django\contrib\admin\views\autocomplete.py first seen with mtime 1643008074.6776438
File F:\python-projects\online-shop\Lib\site-packages\django\template\loaders\base.py first seen with mtime 1643008079.2159536
File F:\python-projects\online-shop\eCommerce\products\models.py first seen with mtime 1643023146.0956163
File F:\python-projects\online-shop\Lib\site-packages\django\db\models\manager.py first seen with mtime 1643008078.898053
File C:\Users\Josh\AppData\Local\Programs\Python\Python39\Lib\fnmatch.py first seen with mtime 1601902002.0
File C:\Users\Josh\AppData\Local\Programs\Python\Python39\Lib\heapq.py first seen with mtime 1601902002.0
File C:\Users\Josh\AppData\Local\Programs\Python\Python39\Lib\unittest\signals.py first seen with mtime 1601902002.0
File F:\python-projects\online-shop\Lib\site-packages\django\db\models\aggregates.py first seen with mtime 1643008078.8877535
File F:\python-projects\online-shop\Lib\site-packages\PIL\_imaging.cp39-win_amd64.pyd first seen with mtime 1643023200.1140602
File C:\Users\Josh\AppData\Local\Programs\Python\Python39\Lib\quopri.py first seen with mtime 1601902002.0
File C:\Users\Josh\AppData\Local\Programs\Python\Python39\Lib\urllib\parse.py first seen with mtime 1601902002.0
File F:\python-projects\online-shop\Lib\site-packages\django\db\models\sql\constants.py first seen with mtime 1643008078.9658763
File F:\python-projects\online-shop\eCommerce\authentication\models.py first seen with mtime 1643012303.2584858
File F:\python-projects\online-shop\Lib\site-packages\django\contrib\admin\decorators.py first seen with mtime 1643008073.7247288
File C:\Users\Josh\AppData\Local\Programs\Python\Python39\Lib\ctypes\__init__.py first seen with mtime 1601902002.0
File F:\python-projects\online-shop\Lib\site-packages\django\contrib\auth\checks.py first seen with mtime 1643008074.9242857
File F:\python-projects\online-shop\Lib\site-packages\django\contrib\sessions\models.py first seen with mtime 1643008078.0473688
File F:\python-projects\online-shop\Lib\site-packages\django\db\models\sql\__init__.py first seen with mtime 1643008078.9628818
File C:\Users\Josh\AppData\Local\Programs\Python\Python39\Lib\unittest\case.py first seen with mtime 1601902002.0
File F:\python-projects\online-shop\Lib\site-packages\django\contrib\admin\options.py first seen with mtime 1643008073.7313168
File F:\python-projects\online-shop\Lib\site-packages\django\views\i18n.py first seen with mtime 1643008079.3276608
File F:\python-projects\online-shop\Lib\site-packages\PIL\_binary.py first seen with mtime 1643023200.0871453
File F:\python-projects\online-shop\Lib\site-packages\django\core\handlers\base.py first seen with mtime 1643008078.7463818
File C:\Users\Josh\AppData\Local\Programs\Python\Python39\Lib\email\contentmanager.py first seen with mtime 1601902002.0
File F:\python-projects\online-shop\Lib\site-packages\django\middleware\__init__.py first seen with mtime 1643008079.1571097
File C:\Users\Josh\AppData\Local\Programs\Python\Python39\Lib\json\scanner.py first seen with mtime 1601902002.0
File C:\Users\Josh\AppData\Local\Programs\Python\Python39\Lib\pickle.py first seen with mtime 1601902002.0
File F:\python-projects\online-shop\Lib\site-packages\django\views\static.py first seen with mtime 1643008079.3286562
File C:\Users\Josh\AppData\Local\Programs\Python\Python39\Lib\wsgiref\__init__.py first seen with mtime 1601902002.0
File C:\Users\Josh\AppData\Local\Programs\Python\Python39\Lib\email\quoprimime.py first seen with mtime 1601902002.0
File F:\python-projects\online-shop\Lib\site-packages\django\db\models\fields\proxy.py first seen with mtime 1643008078.9100227
File F:\python-projects\online-shop\Lib\site-packages\django\db\models\functions\math.py first seen with mtime 1643008078.9560597
File F:\python-projects\online-shop\Lib\site-packages\django\forms\fields.py first seen with mtime 1643008078.980117
File F:\python-projects\online-shop\Lib\site-packages\django\contrib\admin\actions.py first seen with mtime 1643008073.721737
File F:\python-projects\online-shop\Lib\site-packages\django\views\defaults.py first seen with mtime 1643008079.3256633
File F:\python-projects\online-shop\Lib\site-packages\django\contrib\admin\__init__.py first seen with mtime 1643008073.7207437
File F:\python-projects\online-shop\Lib\site-packages\django\utils\dateparse.py first seen with mtime 1643008079.2738016
File F:\python-projects\online-shop\Lib\site-packages\sqlparse\exceptions.py first seen with mtime 1643008071.1125264
File C:\Users\Josh\AppData\Local\Programs\Python\Python39\Lib\gettext.py first seen with mtime 1601902002.0
File F:\python-projects\online-shop\Lib\site-packages\django\forms\renderers.py first seen with mtime 1643008078.9861012
File F:\python-projects\online-shop\Lib\site-packages\django\db\models\functions\datetime.py first seen with mtime 1643008078.9550657
File C:\Users\Josh\AppData\Local\Programs\Python\Python39\Lib\http\server.py first seen with mtime 1601902002.0
File F:\python-projects\online-shop\Lib\site-packages\django\contrib\auth\models.py first seen with mtime 1643008074.9322677
File C:\Users\Josh\AppData\Local\Programs\Python\Python39\DLLs\_asyncio.pyd first seen with mtime 1601902020.0
File F:\python-projects\online-shop\eCommerce\eCommerce\urls.py first seen with mtime 1644391897.1640368
File C:\Users\Josh\AppData\Local\Programs\Python\Python39\Lib\email\charset.py first seen with mtime 1601902002.0
File F:\python-projects\online-shop\Lib\site-packages\django\db\models\functions\mixins.py first seen with mtime 1643008078.958058
File F:\python-projects\online-shop\Lib\site-packages\django\conf\__init__.py first seen with mtime 1643008073.3083477
File C:\Users\Josh\AppData\Local\Programs\Python\Python39\Lib\encodings\utf_8.py first seen with mtime 1601902002.0
File C:\Users\Josh\AppData\Local\Programs\Python\Python39\Lib\struct.py first seen with mtime 1601902002.0
File C:\Users\Josh\AppData\Local\Programs\Python\Python39\Lib\socket.py first seen with mtime 1601902002.0
File C:\Users\Josh\AppData\Local\Programs\Python\Python39\Lib\asyncio\proactor_events.py first seen with mtime 1601902002.0
File F:\python-projects\online-shop\Lib\site-packages\django\dispatch\dispatcher.py first seen with mtime 1643008078.975132
File C:\Users\Josh\AppData\Local\Programs\Python\Python39\DLLs\_ssl.pyd first seen with mtime 1601902020.0
File F:\python-projects\online-shop\Lib\site-packages\django\contrib\admin\templatetags\admin_modify.py first seen with mtime 1643008074.6736653
File F:\python-projects\online-shop\Lib\site-packages\django\core\files\uploadhandler.py first seen with mtime 1643008078.7423904
File F:\python-projects\online-shop\Lib\site-packages\django\contrib\__init__.py first seen with mtime 1643008073.7197437
File F:\python-projects\online-shop\Lib\site-packages\django\contrib\contenttypes\forms.py first seen with mtime 1643008075.2873187
File F:\python-projects\online-shop\Lib\site-packages\django\core\checks\registry.py first seen with mtime 1643008078.7244413
File C:\Users\Josh\AppData\Local\Programs\Python\Python39\Lib\sqlite3\__init__.py first seen with mtime 1601902002.0
File C:\Users\Josh\AppData\Local\Programs\Python\Python39\Lib\urllib\response.py first seen with mtime 1601902002.0
File F:\python-projects\online-shop\Lib\site-packages\django\views\generic\list.py first seen with mtime 1643008079.3476026
File C:\Users\Josh\AppData\Local\Programs\Python\Python39\Lib\sqlite3\dbapi2.py first seen with mtime 1601902002.0
File C:\Users\Josh\AppData\Local\Programs\Python\Python39\Lib\ctypes\wintypes.py first seen with mtime 1601902002.0
File F:\python-projects\online-shop\Lib\site-packages\django\contrib\admin\widgets.py first seen with mtime 1643008073.7353058
File C:\Users\Josh\AppData\Local\Programs\Python\Python39\DLLs\_sqlite3.pyd first seen with mtime 1601902020.0
File F:\python-projects\online-shop\Lib\site-packages\django\db\backends\base\introspection.py first seen with mtime 1643008078.8171818
File F:\python-projects\online-shop\Lib\site-packages\django\core\signing.py first seen with mtime 1643008078.7049246
File F:\python-projects\online-shop\Lib\site-packages\django\views\debug.py first seen with mtime 1643008079.3246653
File F:\python-projects\online-shop\Lib\site-packages\django\views\decorators\debug.py first seen with mtime 1643008079.337629
File F:\python-projects\online-shop\Lib\site-packages\django\core\checks\compatibility\__init__.py first seen with mtime 1643008078.7274313
File F:\python-projects\online-shop\Lib\site-packages\django\template\base.py first seen with mtime 1643008079.1790514
File F:\python-projects\online-shop\Lib\site-packages\sqlparse\sql.py first seen with mtime 1643008071.1238816
File C:\Users\Josh\AppData\Local\Programs\Python\Python39\Lib\pprint.py first seen with mtime 1601902002.0
File F:\python-projects\online-shop\Lib\site-packages\django\contrib\admin\templatetags\admin_list.py first seen with mtime 1643008074.6726685
File C:\Users\Josh\AppData\Local\Programs\Python\Python39\Lib\email\iterators.py first seen with mtime 1601902002.0
File F:\python-projects\online-shop\Lib\site-packages\django\templatetags\cache.py first seen with mtime 1643008079.2239325
File F:\python-projects\online-shop\Lib\site-packages\PIL\__init__.py first seen with mtime 1643023200.085151
File C:\Users\Josh\AppData\Local\Programs\Python\Python39\Lib\ntpath.py first seen with mtime 1601902002.0
File C:\Users\Josh\AppData\Local\Programs\Python\Python39\Lib\keyword.py first seen with mtime 1601902002.0
File C:\Users\Josh\AppData\Local\Programs\Python\Python39\Lib\zoneinfo\_tzpath.py first seen with mtime 1601902002.0
File F:\python-projects\online-shop\eCommerce\products\admin.py first seen with mtime 1643011058.7010746
File F:\python-projects\online-shop\Lib\site-packages\django\contrib\auth\validators.py first seen with mtime 1643008074.9362583
File F:\python-projects\online-shop\Lib\site-packages\django\core\checks\security\csrf.py first seen with mtime 1643008078.7314289
File F:\python-projects\online-shop\Lib\site-packages\PIL\_util.py first seen with mtime 1643023200.1452377
File C:\Users\Josh\AppData\Local\Programs\Python\Python39\Lib\html\entities.py first seen with mtime 1601902002.0
File C:\Users\Josh\AppData\Local\Programs\Python\Python39\Lib\json\decoder.py first seen with mtime 1601902002.0
File F:\python-projects\online-shop\Lib\site-packages\sqlparse\utils.py first seen with mtime 1643008071.1268723
File C:\Users\Josh\AppData\Local\Programs\Python\Python39\Lib\tokenize.py first seen with mtime 1601902002.0
File F:\python-projects\online-shop\Lib\site-packages\django\core\files\locks.py first seen with mtime 1643008078.7354116
File F:\python-projects\online-shop\Lib\site-packages\django\contrib\admin\checks.py first seen with mtime 1643008073.7237315
File F:\python-projects\online-shop\Lib\site-packages\django\contrib\contenttypes\admin.py first seen with mtime 1643008075.276348
File F:\python-projects\online-shop\Lib\site-packages\sqlparse\engine\filter_stack.py first seen with mtime 1643008071.1298602
File C:\Users\Josh\AppData\Local\Programs\Python\Python39\Lib\json\__init__.py first seen with mtime 1601902002.0
File F:\python-projects\online-shop\Lib\site-packages\django\contrib\auth\management\__init__.py first seen with mtime 1643008075.2494204
File F:\python-projects\online-shop\Lib\site-packages\django\template\exceptions.py first seen with mtime 1643008079.1890244
File F:\python-projects\online-shop\Lib\site-packages\sqlparse\filters\reindent.py first seen with mtime 1643008071.139839
File F:\python-projects\online-shop\Lib\site-packages\django\templatetags\static.py first seen with mtime 1643008079.2299178
File F:\python-projects\online-shop\Lib\site-packages\django\db\migrations\operations\fields.py first seen with mtime 1643008078.8827682
File F:\python-projects\online-shop\Lib\site-packages\django\utils\translation\reloader.py first seen with mtime 1643008079.3166854
File F:\python-projects\online-shop\eCommerce\products\__init__.py first seen with mtime 1643009020.9226065
File F:\python-projects\online-shop\Lib\site-packages\django\utils\duration.py first seen with mtime 1643008079.2807822
File F:\python-projects\online-shop\Lib\site-packages\django\utils\timezone.py first seen with mtime 1643008079.309705
File C:\Users\Josh\AppData\Local\Programs\Python\Python39\DLLs\_hashlib.pyd first seen with mtime 1601902020.0
File F:\python-projects\online-shop\Lib\site-packages\django\contrib\admin\models.py first seen with mtime 1643008073.7303195
File F:\python-projects\online-shop\Lib\site-packages\django\template\autoreload.py first seen with mtime 1643008079.1770582
File F:\python-projects\online-shop\eCommerce\cart\apps.py first seen with mtime 1643185510.9272573
File C:\Users\Josh\AppData\Local\Programs\Python\Python39\Lib\concurrent\futures\_base.py first seen with mtime 1601902002.0
File F:\python-projects\online-shop\eCommerce\authentication\__init__.py first seen with mtime 1643011065.4999545
File C:\Users\Josh\AppData\Local\Programs\Python\Python39\Lib\encodings\latin_1.py first seen with mtime 1601902002.0
File C:\Users\Josh\AppData\Local\Programs\Python\Python39\Lib\encodings\cp1252.py first seen with mtime 1601902002.0
File F:\python-projects\online-shop\Lib\site-packages\django\core\exceptions.py first seen with mtime 1643008078.700934
File C:\Users\Josh\AppData\Local\Programs\Python\Python39\Lib\ast.py first seen with mtime 1601902002.0
File F:\python-projects\online-shop\Lib\site-packages\django\contrib\sessions\__init__.py first seen with mtime 1643008078.040387
File F:\python-projects\online-shop\Lib\site-packages\django\core\management\commands\__init__.py first seen with mtime 1643008078.7653327
File F:\python-projects\online-shop\Lib\site-packages\django\template\loaders\__init__.py first seen with mtime 1643008079.2129612
File C:\Users\Josh\AppData\Local\Programs\Python\Python39\Lib\email\utils.py first seen with mtime 1601902002.0
File C:\Users\Josh\AppData\Local\Programs\Python\Python39\Lib\email\generator.py first seen with mtime 1601902002.0
File C:\Users\Josh\AppData\Local\Programs\Python\Python39\Lib\urllib\__init__.py first seen with mtime 1601902002.0
File F:\python-projects\online-shop\Lib\site-packages\PIL\TiffTags.py first seen with mtime 1643023200.0771646
File F:\python-projects\online-shop\Lib\site-packages\django\utils\dates.py first seen with mtime 1643008079.2747998
File F:\python-projects\online-shop\Lib\site-packages\django\core\checks\messages.py first seen with mtime 1643008078.7224443
File C:\Users\Josh\AppData\Local\Programs\Python\Python39\Lib\logging\config.py first seen with mtime 1601902002.0
File C:\Users\Josh\AppData\Local\Programs\Python\Python39\Lib\cgi.py first seen with mtime 1601902002.0
File C:\Users\Josh\AppData\Local\Programs\Python\Python39\Lib\_bootlocale.py first seen with mtime 1601902002.0
File C:\Users\Josh\AppData\Local\Programs\Python\Python39\Lib\importlib\util.py first seen with mtime 1601902002.0
File C:\Users\Josh\AppData\Local\Programs\Python\Python39\Lib\email\mime\multipart.py first seen with mtime 1601902002.0
File C:\Users\Josh\AppData\Local\Programs\Python\Python39\Lib\ctypes\_endian.py first seen with mtime 1601902002.0
File F:\python-projects\online-shop\Lib\site-packages\django\core\checks\templates.py first seen with mtime 1643008078.7254384
File F:\python-projects\online-shop\Lib\site-packages\django\core\serializers\base.py first seen with mtime 1643008078.7943172
File C:\Users\Josh\AppData\Local\Programs\Python\Python39\Lib\asyncio\coroutines.py first seen with mtime 1601902002.0
File F:\python-projects\online-shop\Lib\site-packages\sqlparse\filters\__init__.py first seen with mtime 1643008071.1348503
File C:\Users\Josh\AppData\Local\Programs\Python\Python39\Lib\opcode.py first seen with mtime 1601902002.0
File C:\Users\Josh\AppData\Local\Programs\Python\Python39\Lib\email\parser.py first seen with mtime 1601902002.0
File F:\python-projects\online-shop\Lib\site-packages\django\db\models\sql\datastructures.py first seen with mtime 1643008078.9668741
File C:\Users\Josh\AppData\Local\Programs\Python\Python39\DLLs\unicodedata.pyd first seen with mtime 1601902022.0
File F:\python-projects\online-shop\Lib\site-packages\sqlparse\lexer.py first seen with mtime 1643008071.1229272
File F:\python-projects\online-shop\Lib\site-packages\django\forms\formsets.py first seen with mtime 1643008078.9831128
File F:\python-projects\online-shop\Lib\site-packages\django\db\migrations\state.py first seen with mtime 1643008078.8767824
File F:\python-projects\online-shop\Lib\site-packages\django\contrib\admin\templatetags\log.py first seen with mtime 1643008074.6766465
File C:\Users\Josh\AppData\Local\Programs\Python\Python39\DLLs\_bz2.pyd first seen with mtime 1601902020.0
File C:\Users\Josh\AppData\Local\Programs\Python\Python39\Lib\reprlib.py first seen with mtime 1601902002.0
File C:\Users\Josh\AppData\Local\Programs\Python\Python39\Lib\email\__init__.py first seen with mtime 1601902002.0
File C:\Users\Josh\AppData\Local\Programs\Python\Python39\Lib\abc.py first seen with mtime 1601902002.0
File C:\Users\Josh\AppData\Local\Programs\Python\Python39\Lib\contextlib.py first seen with mtime 1601902002.0
File F:\python-projects\online-shop\Lib\site-packages\django\http\request.py first seen with mtime 1643008079.151126
File C:\Users\Josh\AppData\Local\Programs\Python\Python39\Lib\email\mime\base.py first seen with mtime 1601902002.0
File C:\Users\Josh\AppData\Local\Programs\Python\Python39\Lib\asyncio\exceptions.py first seen with mtime 1601902002.0
File F:\python-projects\online-shop\Lib\site-packages\asgiref\__init__.py first seen with mtime 1643008070.8353567
File F:\python-projects\online-shop\Lib\site-packages\django\core\checks\compatibility\django_4_0.py first seen with mtime 1643008078.728428
File C:\Users\Josh\AppData\Local\Programs\Python\Python39\Lib\datetime.py first seen with mtime 1601902002.0
File F:\python-projects\online-shop\Lib\site-packages\django\middleware\security.py first seen with mtime 1643008079.1730685
File C:\Users\Josh\AppData\Local\Programs\Python\Python39\Lib\ssl.py first seen with mtime 1601902002.0
File F:\python-projects\online-shop\Lib\site-packages\django\template\loaders\app_directories.py first seen with mtime 1643008079.2149563
File F:\python-projects\online-shop\Lib\site-packages\sqlparse\filters\tokens.py first seen with mtime 1643008071.1427486
File F:\python-projects\online-shop\Lib\site-packages\django\contrib\auth\tokens.py first seen with mtime 1643008074.934263
File F:\python-projects\online-shop\Lib\site-packages\django\core\signals.py first seen with mtime 1643008078.703928
File C:\Users\Josh\AppData\Local\Programs\Python\Python39\Lib\typing.py first seen with mtime 1601902002.0
File F:\python-projects\online-shop\Lib\site-packages\django\utils\autoreload.py first seen with mtime 1643008079.2638257
File F:\python-projects\online-shop\Lib\site-packages\django\contrib\admin\sites.py first seen with mtime 1643008073.7323143
File F:\python-projects\online-shop\Lib\site-packages\django\contrib\staticfiles\management\commands\runserver.py first seen with mtime 1643008078.6939552
File F:\python-projects\online-shop\Lib\site-packages\django\template\utils.py first seen with mtime 1643008079.20199
File F:\python-projects\online-shop\eCommerce\cart\urls.py first seen with mtime 1644311191.2767694
File C:\Users\Josh\AppData\Local\Programs\Python\Python39\Lib\asyncio\base_futures.py first seen with mtime 1601902002.0
File C:\Users\Josh\AppData\Local\Programs\Python\Python39\Lib\contextvars.py first seen with mtime 1601902002.0
File C:\Users\Josh\AppData\Local\Programs\Python\Python39\Lib\http\client.py first seen with mtime 1601902002.0
File F:\python-projects\online-shop\Lib\site-packages\django\core\checks\model_checks.py first seen with mtime 1643008078.7234435
File F:\python-projects\online-shop\Lib\site-packages\django\core\paginator.py first seen with mtime 1643008078.7019322
File F:\python-projects\online-shop\Lib\site-packages\django\db\backends\base\validation.py first seen with mtime 1643008078.8201742
File C:\Users\Josh\AppData\Local\Programs\Python\Python39\Lib\collections\abc.py first seen with mtime 1601902002.0
File F:\python-projects\online-shop\Lib\site-packages\django\utils\inspect.py first seen with mtime 1643008079.2917504
File F:\python-projects\online-shop\eCommerce\cart\forms.py first seen with mtime 1643188946.2958958
File C:\Users\Josh\AppData\Local\Programs\Python\Python39\Lib\statistics.py first seen with mtime 1601902002.0
File F:\python-projects\online-shop\eCommerce\products\views.py first seen with mtime 1644411375.9726202
File F:\python-projects\online-shop\Lib\site-packages\django\contrib\admin\templatetags\admin_urls.py first seen with mtime 1643008074.6746488
File F:\python-projects\online-shop\Lib\site-packages\django\contrib\staticfiles\finders.py first seen with mtime 1643008078.682983
File F:\python-projects\online-shop\Lib\site-packages\asgiref\current_thread_executor.py first seen with mtime 1643008070.838349
File F:\python-projects\online-shop\Lib\site-packages\django\contrib\staticfiles\__init__.py first seen with mtime 1643008078.6799912
File F:\python-projects\online-shop\Lib\site-packages\django\db\models\deletion.py first seen with mtime 1643008078.8920696
File F:\python-projects\online-shop\Lib\site-packages\django\template\__init__.py first seen with mtime 1643008079.175063
File F:\python-projects\online-shop\Lib\site-packages\django\db\models\functions\window.py first seen with mtime 1643008078.9618845
File F:\python-projects\online-shop\Lib\site-packages\django\urls\conf.py first seen with mtime 1643008079.2498639
File F:\python-projects\online-shop\Lib\site-packages\asgiref\sync.py first seen with mtime 1643008070.8434381
File F:\python-projects\online-shop\Lib\site-packages\django\contrib\auth\base_user.py first seen with mtime 1643008074.9222493
File F:\python-projects\online-shop\Lib\site-packages\PIL\_version.py first seen with mtime 1643023200.1462362
File F:\python-projects\online-shop\Lib\site-packages\django\db\models\functions\__init__.py first seen with mtime 1643008078.9530714
File C:\Users\Josh\AppData\Local\Programs\Python\Python39\DLLs\_lzma.pyd first seen with mtime 1601902020.0
File F:\python-projects\online-shop\Lib\site-packages\django\db\models\functions\text.py first seen with mtime 1643008078.9608836
File F:\python-projects\online-shop\Lib\site-packages\PIL\ImageMode.py first seen with mtime 1643023200.0046408
File C:\Users\Josh\AppData\Local\Programs\Python\Python39\Lib\email\_encoded_words.py first seen with mtime 1601902002.0
File C:\Users\Josh\AppData\Local\Programs\Python\Python39\Lib\asyncio\base_tasks.py first seen with mtime 1601902002.0
File C:\Users\Josh\AppData\Local\Programs\Python\Python39\Lib\threading.py first seen with mtime 1601902002.0
File F:\python-projects\online-shop\Lib\site-packages\django\views\decorators\__init__.py first seen with mtime 1643008079.3316438
File F:\python-projects\online-shop\Lib\site-packages\django\contrib\contenttypes\models.py first seen with mtime 1643008075.2883165
File F:\python-projects\online-shop\Lib\site-packages\django\apps\registry.py first seen with mtime 1643008073.3073506
File F:\python-projects\online-shop\Lib\site-packages\django\core\mail\message.py first seen with mtime 1643008078.7503712
File F:\python-projects\online-shop\Lib\site-packages\django\contrib\messages\constants.py first seen with mtime 1643008076.4844856
File F:\python-projects\online-shop\Lib\site-packages\django\forms\boundfield.py first seen with mtime 1643008078.97912
File F:\python-projects\online-shop\Lib\site-packages\django\db\models\fields\reverse_related.py first seen with mtime 1643008078.9520695
File F:\python-projects\online-shop\Lib\site-packages\django\db\migrations\exceptions.py first seen with mtime 1643008078.8669326
File F:\python-projects\online-shop\Lib\site-packages\django\contrib\messages\__init__.py first seen with mtime 1643008076.4814928
File F:\python-projects\online-shop\Lib\site-packages\django\core\servers\basehttp.py first seen with mtime 1643008078.8012269
File F:\python-projects\online-shop\eCommerce\cart\admin.py first seen with mtime 1643185510.9145818
File F:\python-projects\online-shop\Lib\site-packages\django\db\backends\sqlite3\base.py first seen with mtime 1643008078.8570037
File F:\python-projects\online-shop\Lib\site-packages\sqlparse\engine\__init__.py first seen with mtime 1643008071.1278698
File F:\python-projects\online-shop\Lib\site-packages\django\views\generic\dates.py first seen with mtime 1643008079.343613
File F:\python-projects\online-shop\Lib\site-packages\dotenv\variables.py first seen with mtime 1644413682.6636758
File F:\python-projects\online-shop\Lib\site-packages\django\db\models\fields\mixins.py first seen with mtime 1643008078.909024
File F:\python-projects\online-shop\Lib\site-packages\django\utils\cache.py first seen with mtime 1643008079.266818
File F:\python-projects\online-shop\Lib\site-packages\django\db\models\functions\comparison.py first seen with mtime 1643008078.954067
File C:\Users\Josh\AppData\Local\Programs\Python\Python39\Lib\functools.py first seen with mtime 1601902002.0
File F:\python-projects\online-shop\Lib\site-packages\django\urls\exceptions.py first seen with mtime 1643008079.2528546
File C:\Users\Josh\AppData\Local\Programs\Python\Python39\Lib\email\_parseaddr.py first seen with mtime 1601902002.0
File C:\Users\Josh\AppData\Local\Programs\Python\Python39\Lib\email\header.py first seen with mtime 1601902002.0
File F:\python-projects\online-shop\Lib\site-packages\django\db\backends\signals.py first seen with mtime 1643008078.8082058
File C:\Users\Josh\AppData\Local\Programs\Python\Python39\Lib\email\mime\nonmultipart.py first seen with mtime 1601902002.0
File C:\Users\Josh\AppData\Local\Programs\Python\Python39\Lib\getpass.py first seen with mtime 1601902002.0
File F:\python-projects\online-shop\Lib\site-packages\django\db\backends\base\base.py first seen with mtime 1643008078.8121953
File F:\python-projects\online-shop\Lib\site-packages\django\template\loader_tags.py first seen with mtime 1643008079.1980007
File C:\Users\Josh\AppData\Local\Programs\Python\Python39\Lib\logging\handlers.py first seen with mtime 1601902002.0
File F:\python-projects\online-shop\Lib\site-packages\django\utils\safestring.py first seen with mtime 1643008079.3037205
File F:\python-projects\online-shop\Lib\site-packages\django\db\backends\sqlite3\creation.py first seen with mtime 1643008078.8589983
File F:\python-projects\online-shop\Lib\site-packages\django\db\models\expressions.py first seen with mtime 1643008078.8940637
File C:\Users\Josh\AppData\Local\Programs\Python\Python39\Lib\email\policy.py first seen with mtime 1601902002.0
File F:\python-projects\online-shop\Lib\site-packages\django\utils\translation\__init__.py first seen with mtime 1643008079.3146935
File F:\python-projects\online-shop\Lib\site-packages\django\contrib\sessions\middleware.py first seen with mtime 1643008078.0463717
File C:\Users\Josh\AppData\Local\Programs\Python\Python39\Lib\unittest\loader.py first seen with mtime 1601902002.0
File F:\python-projects\online-shop\Lib\site-packages\django\contrib\auth\apps.py first seen with mtime 1643008074.9202538
File C:\Users\Josh\AppData\Local\Programs\Python\Python39\DLLs\_overlapped.pyd first seen with mtime 1601902020.0
File F:\python-projects\online-shop\Lib\site-packages\django\template\context.py first seen with mtime 1643008079.1810465
File F:\python-projects\online-shop\Lib\site-packages\django\conf\urls\__init__.py first seen with mtime 1643008073.7167265
File F:\python-projects\online-shop\Lib\site-packages\django\core\cache\backends\base.py first seen with mtime 1643008078.7099116
File C:\Users\Josh\AppData\Local\Programs\Python\Python39\Lib\asyncio\__init__.py first seen with mtime 1601902002.0
File F:\python-projects\online-shop\Lib\site-packages\django\utils\deprecation.py first seen with mtime 1643008079.2797859
File F:\python-projects\online-shop\Lib\site-packages\django\http\response.py first seen with mtime 1643008079.1521232
File F:\python-projects\online-shop\Lib\site-packages\django\db\backends\base\creation.py first seen with mtime 1643008078.81419
File F:\python-projects\online-shop\Lib\site-packages\django\contrib\messages\api.py first seen with mtime 1643008076.4824898
File C:\Users\Josh\AppData\Local\Programs\Python\Python39\Lib\platform.py first seen with mtime 1601902002.0
File C:\Users\Josh\AppData\Local\Programs\Python\Python39\Lib\unittest\__init__.py first seen with mtime 1601902002.0
File F:\python-projects\online-shop\Lib\site-packages\django\core\serializers\python.py first seen with mtime 1643008078.7973092
File C:\Users\Josh\AppData\Local\Programs\Python\Python39\Lib\asyncio\transports.py first seen with mtime 1601902002.0
File F:\python-projects\online-shop\Lib\site-packages\django\db\backends\sqlite3\client.py first seen with mtime 1643008078.8580017
File F:\python-projects\online-shop\Lib\site-packages\django\contrib\auth\middleware.py first seen with mtime 1643008074.9302738
File C:\Users\Josh\AppData\Local\Programs\Python\Python39\Lib\types.py first seen with mtime 1601902002.0
File F:\python-projects\online-shop\Lib\site-packages\django\db\backends\sqlite3\introspection.py first seen with mtime 1643008078.8609416
File C:\Users\Josh\AppData\Local\Programs\Python\Python39\Lib\encodings\__init__.py first seen with mtime 1601902002.0
File F:\python-projects\online-shop\Lib\site-packages\django\contrib\sites\__init__.py first seen with mtime 1643008078.3817892
File F:\python-projects\online-shop\Lib\site-packages\django\contrib\staticfiles\checks.py first seen with mtime 1643008078.6819847
File F:\python-projects\online-shop\Lib\site-packages\django\contrib\staticfiles\views.py first seen with mtime 1643008078.6889663
File C:\Users\Josh\AppData\Local\Programs\Python\Python39\Lib\pathlib.py first seen with mtime 1601902002.0
File C:\Users\Josh\AppData\Local\Programs\Python\Python39\Lib\enum.py first seen with mtime 1601902002.0
File F:\python-projects\online-shop\Lib\site-packages\django\contrib\admin\filters.py first seen with mtime 1643008073.7273273
File F:\python-projects\online-shop\Lib\site-packages\django\db\backends\base\client.py first seen with mtime 1643008078.8131943
File C:\Users\Josh\AppData\Local\Programs\Python\Python39\Lib\inspect.py first seen with mtime 1601902002.0
File F:\python-projects\online-shop\Lib\site-packages\django\core\checks\urls.py first seen with mtime 1643008078.7274313
File C:\Users\Josh\AppData\Local\Programs\Python\Python39\DLLs\_ctypes.pyd first seen with mtime 1601902020.0
File C:\Users\Josh\AppData\Local\Programs\Python\Python39\Lib\selectors.py first seen with mtime 1601902002.0
File C:\Users\Josh\AppData\Local\Programs\Python\Python39\Lib\email\mime\__init__.py first seen with mtime 1601902002.0
File C:\Users\Josh\AppData\Local\Programs\Python\Python39\Lib\email\mime\text.py first seen with mtime 1601902002.0
File C:\Users\Josh\AppData\Local\Programs\Python\Python39\Lib\zoneinfo\_common.py first seen with mtime 1601902002.0
File C:\Users\Josh\AppData\Local\Programs\Python\Python39\Lib\os.py first seen with mtime 1601902002.0
File F:\python-projects\online-shop\Lib\site-packages\django\core\files\uploadedfile.py first seen with mtime 1643008078.741394
File F:\python-projects\online-shop\Lib\site-packages\PIL\Image.py first seen with mtime 1643023199.9876342
File C:\Users\Josh\AppData\Local\Programs\Python\Python39\DLLs\_decimal.pyd first seen with mtime 1601902020.0
File F:\python-projects\online-shop\Lib\site-packages\django\views\generic\edit.py first seen with mtime 1643008079.346606
File F:\python-projects\online-shop\Lib\site-packages\sqlparse\engine\statement_splitter.py first seen with mtime 1643008071.1328588
File F:\python-projects\online-shop\Lib\site-packages\django\template\smartif.py first seen with mtime 1643008079.1999962
File F:\python-projects\online-shop\Lib\site-packages\django\contrib\staticfiles\management\__init__.py first seen with mtime 1643008078.6899648
File F:\python-projects\online-shop\Lib\site-packages\django\db\migrations\utils.py first seen with mtime 1643008078.8777795
File F:\python-projects\online-shop\Lib\site-packages\django\db\models\lookups.py first seen with mtime 1643008078.8970556
File C:\Users\Josh\AppData\Local\Programs\Python\Python39\Lib\codecs.py first seen with mtime 1601902002.0
File F:\python-projects\online-shop\Lib\site-packages\django\core\files\base.py first seen with mtime 1643008078.7344139
File C:\Users\Josh\AppData\Local\Programs\Python\Python39\Lib\unittest\runner.py first seen with mtime 1601902002.0
File F:\python-projects\online-shop\Lib\site-packages\django\utils\regex_helper.py first seen with mtime 1643008079.3027225
File F:\python-projects\online-shop\Lib\site-packages\django\middleware\csrf.py first seen with mtime 1643008079.1670842
File F:\python-projects\online-shop\Lib\site-packages\django\contrib\staticfiles\apps.py first seen with mtime 1643008078.6809883
File F:\python-projects\online-shop\Lib\site-packages\django\core\management\color.py first seen with mtime 1643008078.7623396
File F:\python-projects\online-shop\Lib\site-packages\django\urls\utils.py first seen with mtime 1643008079.2558465
File F:\python-projects\online-shop\Lib\site-packages\django\db\models\signals.py first seen with mtime 1643008078.9030406
File F:\python-projects\online-shop\eCommerce\eCommerce\settings.py first seen with mtime 1644414299.1914184
File C:\Users\Josh\AppData\Local\Programs\Python\Python39\Lib\base64.py first seen with mtime 1601902002.0
File F:\python-projects\online-shop\Lib\site-packages\django\template\backends\base.py first seen with mtime 1643008079.2049947
File F:\python-projects\online-shop\Lib\site-packages\django\templatetags\i18n.py first seen with mtime 1643008079.2269282
File C:\Users\Josh\AppData\Local\Programs\Python\Python39\Lib\posixpath.py first seen with mtime 1601902002.0
File F:\python-projects\online-shop\Lib\site-packages\django\core\files\temp.py first seen with mtime 1643008078.7403953
File F:\python-projects\online-shop\Lib\site-packages\django\http\__init__.py first seen with mtime 1643008079.1461394
File F:\python-projects\online-shop\Lib\site-packages\django\utils\termcolors.py first seen with mtime 1643008079.305715
File F:\python-projects\online-shop\eCommerce\eCommerce\__init__.py first seen with mtime 1643008841.2090783
File C:\Users\Josh\AppData\Local\Programs\Python\Python39\Lib\importlib\abc.py first seen with mtime 1601902002.0
File F:\python-projects\online-shop\Lib\site-packages\django\apps\config.py first seen with mtime 1643008073.306353
File F:\python-projects\online-shop\Lib\site-packages\django\core\management\base.py first seen with mtime 1643008078.761343
File C:\Users\Josh\AppData\Local\Programs\Python\Python39\Lib\wsgiref\simple_server.py first seen with mtime 1601902002.0
File F:\python-projects\online-shop\Lib\site-packages\django\core\management\commands\runserver.py first seen with mtime 1643008078.7802916
File F:\python-projects\online-shop\Lib\site-packages\django\templatetags\tz.py first seen with mtime 1643008079.2309134
File F:\python-projects\online-shop\Lib\site-packages\django\core\files\images.py first seen with mtime 1643008078.7344139
File F:\python-projects\online-shop\Lib\site-packages\django\db\migrations\__init__.py first seen with mtime 1643008078.8649375
File C:\Users\Josh\AppData\Local\Programs\Python\Python39\Lib\concurrent\futures\__init__.py first seen with mtime 1601902002.0
File F:\python-projects\online-shop\Lib\site-packages\sqlparse\formatter.py first seen with mtime 1643008071.1169055
File C:\Users\Josh\AppData\Local\Programs\Python\Python39\Lib\re.py first seen with mtime 1601902002.0
File F:\python-projects\online-shop\Lib\site-packages\django\contrib\sessions\backends\__init__.py first seen with mtime 1643008078.0493646
File F:\python-projects\online-shop\Lib\site-packages\sqlparse\__init__.py first seen with mtime 1643008071.1015623
File F:\python-projects\online-shop\Lib\site-packages\django\db\models\utils.py first seen with mtime 1643008078.904039
File C:\Users\Josh\AppData\Local\Programs\Python\Python39\Lib\asyncio\subprocess.py first seen with mtime 1601902002.0
File F:\python-projects\online-shop\Lib\site-packages\django\contrib\sessions\base_session.py first seen with mtime 1643008078.0433798
File F:\python-projects\online-shop\Lib\site-packages\django\utils\deconstruct.py first seen with mtime 1643008079.2768033
File C:\Users\Josh\AppData\Local\Programs\Python\Python39\Lib\json\encoder.py first seen with mtime 1601902002.0
File C:\Users\Josh\AppData\Local\Programs\Python\Python39\Lib\logging\__init__.py first seen with mtime 1601902002.0
File F:\python-projects\online-shop\eCommerce\manage.py first seen with mtime 1643008841.15422
File F:\python-projects\online-shop\Lib\site-packages\django\dispatch\__init__.py first seen with mtime 1643008078.973136
File C:\Users\Josh\AppData\Local\Programs\Python\Python39\Lib\hashlib.py first seen with mtime 1601902002.0
File F:\python-projects\online-shop\Lib\site-packages\django\utils\hashable.py first seen with mtime 1643008079.2867649
File C:\Users\Josh\AppData\Local\Programs\Python\Python39\Lib\asyncio\base_subprocess.py first seen with mtime 1601902002.0
File F:\python-projects\online-shop\Lib\site-packages\django\contrib\messages\apps.py first seen with mtime 1643008076.4834876
File F:\python-projects\online-shop\Lib\site-packages\django\contrib\contenttypes\__init__.py first seen with mtime 1643008075.2743535
File C:\Users\Josh\AppData\Local\Programs\Python\Python39\Lib\pkgutil.py first seen with mtime 1601902002.0
File F:\python-projects\online-shop\Lib\site-packages\django\core\checks\security\base.py first seen with mtime 1643008078.730424
File F:\python-projects\online-shop\Lib\site-packages\django\contrib\admin\apps.py first seen with mtime 1643008073.722735
File F:\python-projects\online-shop\Lib\site-packages\django\utils\lorem_ipsum.py first seen with mtime 1643008079.298733
File C:\Users\Josh\AppData\Local\Programs\Python\Python39\Lib\asyncio\staggered.py first seen with mtime 1601902002.0
File C:\Users\Josh\AppData\Local\Programs\Python\Python39\Lib\sre_parse.py first seen with mtime 1601902002.0
File F:\python-projects\online-shop\Lib\site-packages\django\utils\timesince.py first seen with mtime 1643008079.3077095
File F:\python-projects\online-shop\Lib\site-packages\django\db\models\query_utils.py first seen with mtime 1643008078.902042
File F:\python-projects\online-shop\Lib\site-packages\django\core\handlers\__init__.py first seen with mtime 1643008078.744387
File F:\python-projects\online-shop\Lib\site-packages\django\template\response.py first seen with mtime 1643008079.198998
File C:\Users\Josh\AppData\Local\Programs\Python\Python39\Lib\signal.py first seen with mtime 1601902002.0
File F:\python-projects\online-shop\eCommerce\cart\models.py first seen with mtime 1643185510.964626
File F:\python-projects\online-shop\Lib\site-packages\sqlparse\tokens.py first seen with mtime 1643008071.1258748
File F:\python-projects\online-shop\Lib\site-packages\django\db\models\query.py first seen with mtime 1643008078.901045
File C:\Users\Josh\AppData\Local\Programs\Python\Python39\Lib\email\encoders.py first seen with mtime 1601902002.0
File F:\python-projects\online-shop\Lib\site-packages\django\core\checks\__init__.py first seen with mtime 1643008078.7174644
File C:\Users\Josh\AppData\Local\Programs\Python\Python39\Lib\sre_constants.py first seen with mtime 1601902002.0
File F:\python-projects\online-shop\Lib\site-packages\dotenv\parser.py first seen with mtime 1644413682.660674
File F:\python-projects\online-shop\Lib\site-packages\django\core\cache\utils.py first seen with mtime 1643008078.708914
File F:\python-projects\online-shop\Lib\site-packages\django\core\handlers\wsgi.py first seen with mtime 1643008078.748377
File C:\Users\Josh\AppData\Local\Programs\Python\Python39\Lib\wsgiref\headers.py first seen with mtime 1601902002.0
File C:\Users\Josh\AppData\Local\Programs\Python\Python39\Lib\asyncio\protocols.py first seen with mtime 1601902002.0
File F:\python-projects\online-shop\Lib\site-packages\django\forms\forms.py first seen with mtime 1643008078.9811146
File F:\python-projects\online-shop\Lib\site-packages\django\contrib\admin\views\main.py first seen with mtime 1643008074.6796384
File C:\Users\Josh\AppData\Local\Programs\Python\Python39\Lib\sysconfig.py first seen with mtime 1601902002.0
File F:\python-projects\online-shop\Lib\site-packages\django\core\validators.py first seen with mtime 1643008078.705923
File C:\Users\Josh\AppData\Local\Programs\Python\Python39\Lib\_sitebuiltins.py first seen with mtime 1601902002.0
File C:\Users\Josh\AppData\Local\Programs\Python\Python39\Lib\collections\__init__.py first seen with mtime 1601902002.0
File F:\python-projects\online-shop\Lib\site-packages\django\db\transaction.py first seen with mtime 1643008078.8032193
File C:\Users\Josh\AppData\Local\Programs\Python\Python39\Lib\asyncio\locks.py first seen with mtime 1601902002.0
File F:\python-projects\online-shop\Lib\site-packages\django\core\cache\backends\__init__.py first seen with mtime 1643008078.708914
File C:\Users\Josh\AppData\Local\Programs\Python\Python39\Lib\asyncio\futures.py first seen with mtime 1601902002.0
File F:\python-projects\online-shop\Lib\site-packages\django\utils\topological_sort.py first seen with mtime 1643008079.3107026
File C:\Users\Josh\AppData\Local\Programs\Python\Python39\Lib\asyncio\format_helpers.py first seen with mtime 1601902002.0
File F:\python-projects\online-shop\Lib\site-packages\django\__init__.py first seen with mtime 1643008073.302363
File C:\Users\Josh\AppData\Local\Programs\Python\Python39\Lib\secrets.py first seen with mtime 1601902002.0
File F:\python-projects\online-shop\Lib\site-packages\django\template\loaders\filesystem.py first seen with mtime 1643008079.2189467
File C:\Users\Josh\AppData\Local\Programs\Python\Python39\Lib\urllib\error.py first seen with mtime 1601902002.0
File C:\Users\Josh\AppData\Local\Programs\Python\Python39\Lib\copyreg.py first seen with mtime 1601902002.0
File F:\python-projects\online-shop\Lib\site-packages\django\core\files\storage.py first seen with mtime 1643008078.738402
File F:\python-projects\online-shop\ecommerce\templates\authentication first seen with mtime 1643013738.8955371
File F:\python-projects\online-shop\ecommerce\templates\base first seen with mtime 1643013778.258797
File F:\python-projects\online-shop\ecommerce\templates\cart first seen with mtime 1643190387.2727466
File F:\python-projects\online-shop\ecommerce\templates\products first seen with mtime 1644410303.7754462
File F:\python-projects\online-shop\ecommerce\templates\base\generic.html first seen with mtime 1644406615.9579177
File F:\python-projects\online-shop\ecommerce\templates\cart\detail.html first seen with mtime 1644310971.5871797
File F:\python-projects\online-shop\ecommerce\templates\products\index.html first seen with mtime 1644408119.1805828
File F:\python-projects\online-shop\ecommerce\templates\products\products_by_category.html first seen with mtime 1644410398.7550216
File F:\python-projects\online-shop\ecommerce\templates\products\product_detail.html first seen with mtime 1644400171.4060738
File F:\python-projects\online-shop\ecommerce\templates\products\product_list.html first seen with mtime 1643016161.0912123
File F:\python-projects\online-shop\Lib\site-packages\django\db\migrations\recorder.py first seen with mtime 1643008078.8747883
File F:\python-projects\online-shop\Lib\site-packages\django\contrib\contenttypes\migrations\__init__.py first seen with mtime 1643008075.5267856
File F:\python-projects\online-shop\Lib\site-packages\django\contrib\auth\migrations\0010_alter_group_name_max_length.py first seen with mtime 1643008075.266377
File F:\python-projects\online-shop\Lib\site-packages\django\contrib\sessions\migrations\0001_initial.py first seen with mtime 1643008078.3678253
File F:\python-projects\online-shop\Lib\site-packages\django\contrib\auth\migrations\0008_alter_user_username_max_length.py first seen with mtime 1643008075.2633839
File F:\python-projects\online-shop\Lib\site-packages\django\db\models\sql\compiler.py first seen with mtime 1643008078.9649055
File F:\python-projects\online-shop\Lib\site-packages\django\contrib\auth\migrations\0001_initial.py first seen with mtime 1643008075.2554047
File F:\python-projects\online-shop\Lib\site-packages\django\contrib\sessions\exceptions.py first seen with mtime 1643008078.0443773
File F:\python-projects\online-shop\Lib\site-packages\django\contrib\sessions\backends\db.py first seen with mtime 1643008078.0563452
File F:\python-projects\online-shop\Lib\site-packages\django\db\migrations\loader.py first seen with mtime 1643008078.8698025
File F:\python-projects\online-shop\Lib\site-packages\django\contrib\admin\migrations\0002_logentry_remove_auto_add.py first seen with mtime 1643008074.4722288
File F:\python-projects\online-shop\Lib\site-packages\django\contrib\auth\migrations\__init__.py first seen with mtime 1643008075.2703643
File F:\python-projects\online-shop\Lib\site-packages\django\db\migrations\executor.py first seen with mtime 1643008078.8678033
File F:\python-projects\online-shop\eCommerce\products\migrations\__init__.py first seen with mtime 1643009020.9247386
File F:\python-projects\online-shop\Lib\site-packages\django\views\csrf.py first seen with mtime 1643008079.3236651
File C:\Users\Josh\AppData\Local\Programs\Python\Python39\Lib\stringprep.py first seen with mtime 1601902002.0
File F:\python-projects\online-shop\Lib\site-packages\django\contrib\auth\migrations\0005_alter_user_last_login_null.py first seen with mtime 1643008075.2593944
File F:\python-projects\online-shop\eCommerce\products\migrations\0001_initial.py first seen with mtime 1643013031.2571087
File F:\python-projects\online-shop\Lib\site-packages\django\contrib\auth\migrations\0006_require_contenttypes_0002.py first seen with mtime 1643008075.2603927
File F:\python-projects\online-shop\eCommerce\products\migrations\0002_product_image_product_previous_price.py first seen with mtime 1643024169.3914804
File F:\python-projects\online-shop\Lib\site-packages\django\contrib\auth\migrations\0003_alter_user_email_max_length.py first seen with mtime 1643008075.2573996
File F:\python-projects\online-shop\eCommerce\authentication\migrations\0001_initial.py first seen with mtime 1643013031.2531173
File F:\python-projects\online-shop\Lib\site-packages\django\contrib\auth\migrations\0004_alter_user_username_opts.py first seen with mtime 1643008075.2583964
File F:\python-projects\online-shop\Lib\site-packages\django\contrib\admin\migrations\__init__.py first seen with mtime 1643008074.4749563
File F:\python-projects\online-shop\Lib\site-packages\django\contrib\contenttypes\migrations\0002_remove_content_type_name.py first seen with mtime 1643008075.525787
File F:\python-projects\online-shop\Lib\site-packages\django\contrib\sessions\backends\base.py first seen with mtime 1643008078.051358
File F:\python-projects\online-shop\eCommerce\cart\migrations\__init__.py first seen with mtime 1643185510.983583
File F:\python-projects\online-shop\Lib\site-packages\django\middleware\clickjacking.py first seen with mtime 1643008079.1640913
File F:\python-projects\online-shop\Lib\site-packages\django\contrib\admin\migrations\0001_initial.py first seen with mtime 1643008074.4712322
File C:\Users\Josh\AppData\Local\Programs\Python\Python39\Lib\encodings\idna.py first seen with mtime 1601902002.0
File F:\python-projects\online-shop\Lib\site-packages\django\contrib\auth\migrations\0007_alter_validators_add_error_messages.py first seen with mtime 1643008075.2623873
File F:\python-projects\online-shop\Lib\site-packages\django\middleware\common.py first seen with mtime 1643008079.1650887
File F:\python-projects\online-shop\Lib\site-packages\django\contrib\auth\migrations\0009_alter_user_last_name_max_length.py first seen with mtime 1643008075.2643807
File F:\python-projects\online-shop\Lib\site-packages\django\contrib\auth\migrations\0002_alter_permission_name_max_length.py first seen with mtime 1643008075.2564032
File F:\python-projects\online-shop\Lib\site-packages\django\contrib\contenttypes\migrations\0001_initial.py first seen with mtime 1643008075.524791
File F:\python-projects\online-shop\eCommerce\authentication\migrations\__init__.py first seen with mtime 1643011065.501948
File F:\python-projects\online-shop\Lib\site-packages\django\contrib\auth\migrations\0012_alter_user_first_name_max_length.py first seen with mtime 1643008075.2693686
File F:\python-projects\online-shop\Lib\site-packages\django\db\migrations\graph.py first seen with mtime 1643008078.8688047
File F:\python-projects\online-shop\eCommerce\eCommerce\wsgi.py first seen with mtime 1643008841.2080755
File F:\python-projects\online-shop\Lib\site-packages\django\contrib\messages\middleware.py first seen with mtime 1643008076.4874785
File F:\python-projects\online-shop\Lib\site-packages\django\contrib\auth\migrations\0011_update_proxy_permissions.py first seen with mtime 1643008075.2673728
File F:\python-projects\online-shop\Lib\site-packages\django\contrib\sessions\migrations\__init__.py first seen with mtime 1643008078.3678253
File F:\python-projects\online-shop\Lib\site-packages\django\contrib\admin\migrations\0003_logentry_add_action_flag_choices.py first seen with mtime 1643008074.473955
